<?xml version="1.0" encoding="UTF-8"?>
<!-- Generated by org.testng.reporters.JUnitReportReporter -->
<testsuite hostname="DESKTOP-4EQTU46" failures="0" tests="1" name="tests.SignInTest" time="4.356" errors="0" timestamp="2022-02-17T15:57:59 EET" skipped="0">
  <testcase classname="tests.SignInTest" name="usercanregistersuccessfully" time="4.356"/>
  <system-out/>
</testsuite> <!-- tests.SignInTest -->
