<?xml version="1.0" encoding="UTF-8"?>
<!-- Generated by org.testng.reporters.JUnitReportReporter -->
<testsuite hostname="DESKTOP-4EQTU46" failures="0" tests="2" name="tests.CreateAccountTest" time="15.117" errors="0" timestamp="2022-02-19T11:08:51 EET" skipped="0">
  <testcase classname="tests.CreateAccountTest" name="logout" time="2.794"/>
  <system-out/>
  <testcase classname="tests.CreateAccountTest" name="opencreateaccountpage" time="12.323"/>
  <system-out/>
</testsuite> <!-- tests.CreateAccountTest -->
